21-Nov-2019 14:22:34.561 資訊 [Thread-4] org.apache.coyote.AbstractProtocol.pause Pausing ProtocolHandler ["http-nio-8080"]
21-Nov-2019 14:22:34.587 資訊 [Thread-4] org.apache.coyote.AbstractProtocol.pause Pausing ProtocolHandler ["ajp-nio-8009"]
21-Nov-2019 14:22:34.589 資訊 [Thread-4] org.apache.catalina.core.StandardService.stopInternal Stopping service [Catalina]
21-Nov-2019 14:22:34.840 警告 [ContainerBackgroundProcessor[StandardEngine[Catalina]]] org.apache.catalina.loader.WebappClassLoaderBase.clearReferencesThreads The web application [nicu_server] appears to have started a thread named [cluster1-connection-reaper-0] but has failed to stop it. This is very likely to create a memory leak. Stack trace of thread:
 java.base@11.0.5/jdk.internal.misc.Unsafe.park(Native Method)
 java.base@11.0.5/java.util.concurrent.locks.LockSupport.parkNanos(LockSupport.java:234)
 java.base@11.0.5/java.util.concurrent.locks.AbstractQueuedSynchronizer$ConditionObject.awaitNanos(AbstractQueuedSynchronizer.java:2123)
 java.base@11.0.5/java.util.concurrent.ScheduledThreadPoolExecutor$DelayedWorkQueue.take(ScheduledThreadPoolExecutor.java:1182)
 java.base@11.0.5/java.util.concurrent.ScheduledThreadPoolExecutor$DelayedWorkQueue.take(ScheduledThreadPoolExecutor.java:899)
 java.base@11.0.5/java.util.concurrent.ThreadPoolExecutor.getTask(ThreadPoolExecutor.java:1054)
 java.base@11.0.5/java.util.concurrent.ThreadPoolExecutor.runWorker(ThreadPoolExecutor.java:1114)
 java.base@11.0.5/java.util.concurrent.ThreadPoolExecutor$Worker.run(ThreadPoolExecutor.java:628)
 io.netty.util.concurrent.FastThreadLocalRunnable.run(FastThreadLocalRunnable.java:30)
 java.base@11.0.5/java.lang.Thread.run(Thread.java:834)
21-Nov-2019 14:22:34.845 警告 [ContainerBackgroundProcessor[StandardEngine[Catalina]]] org.apache.catalina.loader.WebappClassLoaderBase.clearReferencesThreads The web application [nicu_server] appears to have started a thread named [cluster1-nio-worker-0] but has failed to stop it. This is very likely to create a memory leak. Stack trace of thread:
 java.base@11.0.5/sun.nio.ch.KQueue.poll(Native Method)
 java.base@11.0.5/sun.nio.ch.KQueueSelectorImpl.doSelect(KQueueSelectorImpl.java:122)
 java.base@11.0.5/sun.nio.ch.SelectorImpl.lockAndDoSelect(SelectorImpl.java:124)
 java.base@11.0.5/sun.nio.ch.SelectorImpl.select(SelectorImpl.java:136)
 io.netty.channel.nio.SelectedSelectionKeySetSelector.select(SelectedSelectionKeySetSelector.java:62)
 io.netty.channel.nio.NioEventLoop.select(NioEventLoop.java:791)
 io.netty.channel.nio.NioEventLoop.run(NioEventLoop.java:439)
 io.netty.util.concurrent.SingleThreadEventExecutor$5.run(SingleThreadEventExecutor.java:906)
 io.netty.util.internal.ThreadExecutorMap$2.run(ThreadExecutorMap.java:74)
 io.netty.util.concurrent.FastThreadLocalRunnable.run(FastThreadLocalRunnable.java:30)
 java.base@11.0.5/java.lang.Thread.run(Thread.java:834)
21-Nov-2019 14:22:34.845 警告 [ContainerBackgroundProcessor[StandardEngine[Catalina]]] org.apache.catalina.loader.WebappClassLoaderBase.clearReferencesThreads The web application [nicu_server] appears to have started a thread named [cluster1-timeouter-0] but has failed to stop it. This is very likely to create a memory leak. Stack trace of thread:
 java.base@11.0.5/java.lang.Thread.sleep(Native Method)
 io.netty.util.HashedWheelTimer$Worker.waitForNextTick(HashedWheelTimer.java:579)
 io.netty.util.HashedWheelTimer$Worker.run(HashedWheelTimer.java:478)
 io.netty.util.concurrent.FastThreadLocalRunnable.run(FastThreadLocalRunnable.java:30)
 java.base@11.0.5/java.lang.Thread.run(Thread.java:834)
21-Nov-2019 14:22:34.846 警告 [ContainerBackgroundProcessor[StandardEngine[Catalina]]] org.apache.catalina.loader.WebappClassLoaderBase.clearReferencesThreads The web application [nicu_server] appears to have started a thread named [cluster1-nio-worker-1] but has failed to stop it. This is very likely to create a memory leak. Stack trace of thread:
 java.base@11.0.5/sun.nio.ch.KQueue.poll(Native Method)
 java.base@11.0.5/sun.nio.ch.KQueueSelectorImpl.doSelect(KQueueSelectorImpl.java:122)
 java.base@11.0.5/sun.nio.ch.SelectorImpl.lockAndDoSelect(SelectorImpl.java:124)
 java.base@11.0.5/sun.nio.ch.SelectorImpl.select(SelectorImpl.java:136)
 io.netty.channel.nio.SelectedSelectionKeySetSelector.select(SelectedSelectionKeySetSelector.java:62)
 io.netty.channel.nio.NioEventLoop.select(NioEventLoop.java:791)
 io.netty.channel.nio.NioEventLoop.run(NioEventLoop.java:439)
 io.netty.util.concurrent.SingleThreadEventExecutor$5.run(SingleThreadEventExecutor.java:906)
 io.netty.util.internal.ThreadExecutorMap$2.run(ThreadExecutorMap.java:74)
 io.netty.util.concurrent.FastThreadLocalRunnable.run(FastThreadLocalRunnable.java:30)
 java.base@11.0.5/java.lang.Thread.run(Thread.java:834)
21-Nov-2019 14:22:34.848 警告 [ContainerBackgroundProcessor[StandardEngine[Catalina]]] org.apache.catalina.loader.WebappClassLoaderBase.clearReferencesThreads The web application [nicu_server] appears to have started a thread named [cluster1-nio-worker-2] but has failed to stop it. This is very likely to create a memory leak. Stack trace of thread:
 java.base@11.0.5/sun.nio.ch.KQueue.poll(Native Method)
 java.base@11.0.5/sun.nio.ch.KQueueSelectorImpl.doSelect(KQueueSelectorImpl.java:122)
 java.base@11.0.5/sun.nio.ch.SelectorImpl.lockAndDoSelect(SelectorImpl.java:124)
 java.base@11.0.5/sun.nio.ch.SelectorImpl.select(SelectorImpl.java:136)
 io.netty.channel.nio.SelectedSelectionKeySetSelector.select(SelectedSelectionKeySetSelector.java:62)
 io.netty.channel.nio.NioEventLoop.select(NioEventLoop.java:791)
 io.netty.channel.nio.NioEventLoop.run(NioEventLoop.java:439)
 io.netty.util.concurrent.SingleThreadEventExecutor$5.run(SingleThreadEventExecutor.java:906)
 io.netty.util.internal.ThreadExecutorMap$2.run(ThreadExecutorMap.java:74)
 io.netty.util.concurrent.FastThreadLocalRunnable.run(FastThreadLocalRunnable.java:30)
 java.base@11.0.5/java.lang.Thread.run(Thread.java:834)
21-Nov-2019 14:22:34.850 警告 [ContainerBackgroundProcessor[StandardEngine[Catalina]]] org.apache.catalina.loader.WebappClassLoaderBase.clearReferencesThreads The web application [nicu_server] appears to have started a thread named [cluster1-nio-worker-3] but has failed to stop it. This is very likely to create a memory leak. Stack trace of thread:
 java.base@11.0.5/sun.nio.ch.KQueue.poll(Native Method)
 java.base@11.0.5/sun.nio.ch.KQueueSelectorImpl.doSelect(KQueueSelectorImpl.java:122)
 java.base@11.0.5/sun.nio.ch.SelectorImpl.lockAndDoSelect(SelectorImpl.java:124)
 java.base@11.0.5/sun.nio.ch.SelectorImpl.select(SelectorImpl.java:136)
 io.netty.channel.nio.SelectedSelectionKeySetSelector.select(SelectedSelectionKeySetSelector.java:62)
 io.netty.channel.nio.NioEventLoop.select(NioEventLoop.java:791)
 io.netty.channel.nio.NioEventLoop.run(NioEventLoop.java:439)
 io.netty.util.concurrent.SingleThreadEventExecutor$5.run(SingleThreadEventExecutor.java:906)
 io.netty.util.internal.ThreadExecutorMap$2.run(ThreadExecutorMap.java:74)
 io.netty.util.concurrent.FastThreadLocalRunnable.run(FastThreadLocalRunnable.java:30)
 java.base@11.0.5/java.lang.Thread.run(Thread.java:834)
21-Nov-2019 14:22:34.850 警告 [ContainerBackgroundProcessor[StandardEngine[Catalina]]] org.apache.catalina.loader.WebappClassLoaderBase.clearReferencesThreads The web application [nicu_server] appears to have started a thread named [cluster1-nio-worker-4] but has failed to stop it. This is very likely to create a memory leak. Stack trace of thread:
 java.base@11.0.5/sun.nio.ch.KQueue.poll(Native Method)
 java.base@11.0.5/sun.nio.ch.KQueueSelectorImpl.doSelect(KQueueSelectorImpl.java:122)
 java.base@11.0.5/sun.nio.ch.SelectorImpl.lockAndDoSelect(SelectorImpl.java:124)
 java.base@11.0.5/sun.nio.ch.SelectorImpl.select(SelectorImpl.java:136)
 io.netty.channel.nio.SelectedSelectionKeySetSelector.select(SelectedSelectionKeySetSelector.java:62)
 io.netty.channel.nio.NioEventLoop.select(NioEventLoop.java:791)
 io.netty.channel.nio.NioEventLoop.run(NioEventLoop.java:439)
 io.netty.util.concurrent.SingleThreadEventExecutor$5.run(SingleThreadEventExecutor.java:906)
 io.netty.util.internal.ThreadExecutorMap$2.run(ThreadExecutorMap.java:74)
 io.netty.util.concurrent.FastThreadLocalRunnable.run(FastThreadLocalRunnable.java:30)
 java.base@11.0.5/java.lang.Thread.run(Thread.java:834)
21-Nov-2019 14:22:34.853 警告 [ContainerBackgroundProcessor[StandardEngine[Catalina]]] org.apache.catalina.loader.WebappClassLoaderBase.clearReferencesThreads The web application [nicu_server] appears to have started a thread named [cluster1-nio-worker-5] but has failed to stop it. This is very likely to create a memory leak. Stack trace of thread:
 java.base@11.0.5/sun.nio.ch.KQueue.poll(Native Method)
 java.base@11.0.5/sun.nio.ch.KQueueSelectorImpl.doSelect(KQueueSelectorImpl.java:122)
 java.base@11.0.5/sun.nio.ch.SelectorImpl.lockAndDoSelect(SelectorImpl.java:124)
 java.base@11.0.5/sun.nio.ch.SelectorImpl.select(SelectorImpl.java:136)
 io.netty.channel.nio.SelectedSelectionKeySetSelector.select(SelectedSelectionKeySetSelector.java:62)
 io.netty.channel.nio.NioEventLoop.select(NioEventLoop.java:791)
 io.netty.channel.nio.NioEventLoop.run(NioEventLoop.java:439)
 io.netty.util.concurrent.SingleThreadEventExecutor$5.run(SingleThreadEventExecutor.java:906)
 io.netty.util.internal.ThreadExecutorMap$2.run(ThreadExecutorMap.java:74)
 io.netty.util.concurrent.FastThreadLocalRunnable.run(FastThreadLocalRunnable.java:30)
 java.base@11.0.5/java.lang.Thread.run(Thread.java:834)
21-Nov-2019 14:22:34.854 警告 [ContainerBackgroundProcessor[StandardEngine[Catalina]]] org.apache.catalina.loader.WebappClassLoaderBase.clearReferencesThreads The web application [nicu_server] appears to have started a thread named [cluster1-nio-worker-6] but has failed to stop it. This is very likely to create a memory leak. Stack trace of thread:
 java.base@11.0.5/sun.nio.ch.KQueue.poll(Native Method)
 java.base@11.0.5/sun.nio.ch.KQueueSelectorImpl.doSelect(KQueueSelectorImpl.java:122)
 java.base@11.0.5/sun.nio.ch.SelectorImpl.lockAndDoSelect(SelectorImpl.java:124)
 java.base@11.0.5/sun.nio.ch.SelectorImpl.select(SelectorImpl.java:136)
 io.netty.channel.nio.SelectedSelectionKeySetSelector.select(SelectedSelectionKeySetSelector.java:62)
 io.netty.channel.nio.NioEventLoop.select(NioEventLoop.java:791)
 io.netty.channel.nio.NioEventLoop.run(NioEventLoop.java:439)
 io.netty.util.concurrent.SingleThreadEventExecutor$5.run(SingleThreadEventExecutor.java:906)
 io.netty.util.internal.ThreadExecutorMap$2.run(ThreadExecutorMap.java:74)
 io.netty.util.concurrent.FastThreadLocalRunnable.run(FastThreadLocalRunnable.java:30)
 java.base@11.0.5/java.lang.Thread.run(Thread.java:834)
21-Nov-2019 14:22:34.855 警告 [ContainerBackgroundProcessor[StandardEngine[Catalina]]] org.apache.catalina.loader.WebappClassLoaderBase.clearReferencesThreads The web application [nicu_server] appears to have started a thread named [cluster1-nio-worker-7] but has failed to stop it. This is very likely to create a memory leak. Stack trace of thread:
 java.base@11.0.5/sun.nio.ch.KQueue.poll(Native Method)
 java.base@11.0.5/sun.nio.ch.KQueueSelectorImpl.doSelect(KQueueSelectorImpl.java:122)
 java.base@11.0.5/sun.nio.ch.SelectorImpl.lockAndDoSelect(SelectorImpl.java:124)
 java.base@11.0.5/sun.nio.ch.SelectorImpl.select(SelectorImpl.java:136)
 io.netty.channel.nio.SelectedSelectionKeySetSelector.select(SelectedSelectionKeySetSelector.java:62)
 io.netty.channel.nio.NioEventLoop.select(NioEventLoop.java:791)
 io.netty.channel.nio.NioEventLoop.run(NioEventLoop.java:439)
 io.netty.util.concurrent.SingleThreadEventExecutor$5.run(SingleThreadEventExecutor.java:906)
 io.netty.util.internal.ThreadExecutorMap$2.run(ThreadExecutorMap.java:74)
 io.netty.util.concurrent.FastThreadLocalRunnable.run(FastThreadLocalRunnable.java:30)
 java.base@11.0.5/java.lang.Thread.run(Thread.java:834)
21-Nov-2019 14:22:34.956 嚴重 [ContainerBackgroundProcessor[StandardEngine[Catalina]]] org.apache.catalina.startup.HostConfig.deployWARs Error waiting for multi-thread deployment of WAR files to complete
	java.lang.InterruptedException
		at java.base/java.util.concurrent.FutureTask.awaitDone(FutureTask.java:418)
		at java.base/java.util.concurrent.FutureTask.get(FutureTask.java:190)
		at org.apache.catalina.startup.HostConfig.deployWARs(HostConfig.java:762)
		at org.apache.catalina.startup.HostConfig.deployApps(HostConfig.java:426)
		at org.apache.catalina.startup.HostConfig.check(HostConfig.java:1612)
		at org.apache.catalina.startup.HostConfig.lifecycleEvent(HostConfig.java:304)
		at org.apache.catalina.util.LifecycleBase.fireLifecycleEvent(LifecycleBase.java:123)
		at org.apache.catalina.core.ContainerBase.backgroundProcess(ContainerBase.java:1159)
		at org.apache.catalina.core.ContainerBase$ContainerBackgroundProcessor.processChildren(ContainerBase.java:1381)
		at org.apache.catalina.core.ContainerBase$ContainerBackgroundProcessor.processChildren(ContainerBase.java:1385)
		at org.apache.catalina.core.ContainerBase$ContainerBackgroundProcessor.run(ContainerBase.java:1353)
		at java.base/java.lang.Thread.run(Thread.java:834)
21-Nov-2019 14:22:34.967 資訊 [localhost-startStop-2] org.apache.catalina.startup.HostConfig.deployWAR Deploying web application archive [/Users/gerrykikimacbook/Desktop/nicu_tomcat/Tomcat/apache-tomcat-8.5.47/webapps/nicu_server.war]
21-Nov-2019 14:22:34.969 資訊 [localhost-startStop-2] org.apache.catalina.startup.HostConfig.deployWAR Deployment of web application archive [/Users/gerrykikimacbook/Desktop/nicu_tomcat/Tomcat/apache-tomcat-8.5.47/webapps/nicu_server.war] has finished in [0] ms
21-Nov-2019 14:22:34.992 資訊 [Thread-4] org.apache.coyote.AbstractProtocol.stop Stopping ProtocolHandler ["http-nio-8080"]
21-Nov-2019 14:22:34.992 資訊 [Thread-4] org.apache.coyote.AbstractProtocol.destroy Destroying ProtocolHandler ["http-nio-8080"]
21-Nov-2019 14:22:34.995 資訊 [Thread-4] org.apache.coyote.AbstractProtocol.stop Stopping ProtocolHandler ["ajp-nio-8009"]
21-Nov-2019 14:22:34.995 資訊 [Thread-4] org.apache.coyote.AbstractProtocol.destroy Destroying ProtocolHandler ["ajp-nio-8009"]
